[2012-12-25 16:18:16] request.ERROR: Symfony\Component\HttpKernel\Exception\NotFoundHttpException: No route found for "GET /" (uncaught exception) at /var/www/html/project/vendor/symfony/symfony/src/Symfony/Component/HttpKernel/EventListener/RouterListener.php line 92 [] []
[2012-12-25 16:19:22] request.ERROR: Symfony\Component\HttpKernel\Exception\NotFoundHttpException: No route found for "GET /" (uncaught exception) at /var/www/html/project/vendor/symfony/symfony/src/Symfony/Component/HttpKernel/EventListener/RouterListener.php line 92 [] []
[2012-12-25 17:08:33] request.ERROR: Symfony\Component\HttpKernel\Exception\NotFoundHttpException: No route found for "GET /" (uncaught exception) at /var/www/html/project/app/cache/prod/classes.php line 5117 [] []
[2012-12-25 17:08:41] request.ERROR: Symfony\Component\HttpKernel\Exception\NotFoundHttpException: No route found for "GET /hellonew/" (uncaught exception) at /var/www/html/project/app/cache/prod/classes.php line 5117 [] []
[2012-12-25 17:08:43] request.ERROR: Symfony\Component\HttpKernel\Exception\NotFoundHttpException: No route found for "GET /hellonew/a" (uncaught exception) at /var/www/html/project/app/cache/prod/classes.php line 5117 [] []
[2012-12-25 17:08:55] request.ERROR: Symfony\Component\HttpKernel\Exception\NotFoundHttpException: No route found for "GET /" (uncaught exception) at /var/www/html/project/app/cache/prod/classes.php line 5117 [] []
[2012-12-25 17:09:21] request.ERROR: Symfony\Component\HttpKernel\Exception\NotFoundHttpException: No route found for "GET /" (uncaught exception) at /var/www/html/project/app/cache/prod/classes.php line 5117 [] []
[2012-12-25 17:09:25] request.ERROR: Symfony\Component\HttpKernel\Exception\NotFoundHttpException: No route found for "GET /" (uncaught exception) at /var/www/html/project/app/cache/prod/classes.php line 5117 [] []
[2012-12-25 17:09:34] request.ERROR: Symfony\Component\HttpKernel\Exception\NotFoundHttpException: No route found for "GET /hellonew/aaa" (uncaught exception) at /var/www/html/project/app/cache/prod/classes.php line 5117 [] []
[2012-12-25 17:10:46] request.ERROR: Symfony\Component\HttpKernel\Exception\NotFoundHttpException: No route found for "GET /hellonew/aaa" (uncaught exception) at /var/www/html/project/app/cache/prod/classes.php line 5117 [] []
[2012-12-25 17:10:47] request.ERROR: Symfony\Component\HttpKernel\Exception\NotFoundHttpException: No route found for "GET /hellonew/aaa" (uncaught exception) at /var/www/html/project/app/cache/prod/classes.php line 5117 [] []
[2012-12-25 17:10:48] request.ERROR: Symfony\Component\HttpKernel\Exception\NotFoundHttpException: No route found for "GET /hellonew/aaa" (uncaught exception) at /var/www/html/project/app/cache/prod/classes.php line 5117 [] []
[2012-12-25 17:10:59] request.ERROR: Symfony\Component\HttpKernel\Exception\NotFoundHttpException: No route found for "GET /hellonew/aaa" (uncaught exception) at /var/www/html/project/app/cache/prod/classes.php line 5117 [] []
[2012-12-25 17:10:59] request.ERROR: Symfony\Component\HttpKernel\Exception\NotFoundHttpException: No route found for "GET /hellonew/aaa" (uncaught exception) at /var/www/html/project/app/cache/prod/classes.php line 5117 [] []
[2012-12-25 17:11:00] request.ERROR: Symfony\Component\HttpKernel\Exception\NotFoundHttpException: No route found for "GET /hellonew/aaa" (uncaught exception) at /var/www/html/project/app/cache/prod/classes.php line 5117 [] []
[2012-12-25 17:11:34] request.ERROR: Symfony\Component\HttpKernel\Exception\NotFoundHttpException: No route found for "GET /hellonew/aaa" (uncaught exception) at /var/www/html/project/app/cache/prod/classes.php line 5117 [] []
[2012-12-25 17:11:34] request.ERROR: Symfony\Component\HttpKernel\Exception\NotFoundHttpException: No route found for "GET /hellonew/aaa" (uncaught exception) at /var/www/html/project/app/cache/prod/classes.php line 5117 [] []
[2012-12-25 17:11:35] request.ERROR: Symfony\Component\HttpKernel\Exception\NotFoundHttpException: No route found for "GET /hellonew/aaa" (uncaught exception) at /var/www/html/project/app/cache/prod/classes.php line 5117 [] []
[2012-12-25 17:11:35] request.ERROR: Symfony\Component\HttpKernel\Exception\NotFoundHttpException: No route found for "GET /hellonew/aaa" (uncaught exception) at /var/www/html/project/app/cache/prod/classes.php line 5117 [] []
[2012-12-25 17:11:36] request.ERROR: Symfony\Component\HttpKernel\Exception\NotFoundHttpException: No route found for "GET /hellonew/aaa" (uncaught exception) at /var/www/html/project/app/cache/prod/classes.php line 5117 [] []
[2012-12-25 17:14:58] request.ERROR: Symfony\Component\HttpKernel\Exception\NotFoundHttpException: No route found for "GET /hellonew/aaa" (uncaught exception) at /var/www/html/project/app/cache/prod/classes.php line 5117 [] []
[2012-12-25 17:14:59] request.ERROR: Symfony\Component\HttpKernel\Exception\NotFoundHttpException: No route found for "GET /hellonew/aaa" (uncaught exception) at /var/www/html/project/app/cache/prod/classes.php line 5117 [] []
[2012-12-25 17:15:31] request.ERROR: Symfony\Component\HttpKernel\Exception\NotFoundHttpException: No route found for "GET /hellonew/aaa" (uncaught exception) at /var/www/html/project/app/cache/prod/classes.php line 5117 [] []
[2012-12-25 17:15:32] request.ERROR: Symfony\Component\HttpKernel\Exception\NotFoundHttpException: No route found for "GET /hellonew/aaa" (uncaught exception) at /var/www/html/project/app/cache/prod/classes.php line 5117 [] []
[2012-12-25 17:15:33] request.ERROR: Symfony\Component\HttpKernel\Exception\NotFoundHttpException: No route found for "GET /hellonew/aaa" (uncaught exception) at /var/www/html/project/app/cache/prod/classes.php line 5117 [] []
[2012-12-25 17:16:53] request.ERROR: Symfony\Component\HttpKernel\Exception\NotFoundHttpException: No route found for "GET /hellonew/aaa" (uncaught exception) at /var/www/html/project/app/cache/prod/classes.php line 5117 [] []
[2012-12-25 17:16:54] request.ERROR: Symfony\Component\HttpKernel\Exception\NotFoundHttpException: No route found for "GET /hellonew/aaa" (uncaught exception) at /var/www/html/project/app/cache/prod/classes.php line 5117 [] []
[2012-12-25 17:17:07] request.ERROR: Symfony\Component\HttpKernel\Exception\NotFoundHttpException: No route found for "GET /hellonew/aaa" (uncaught exception) at /var/www/html/project/app/cache/prod/classes.php line 5117 [] []
